#
# A fatal error has been detected by the Java Runtime Environment:
#
#  SIGSEGV (0xb) at pc=0x000000011f2107ad, pid=1386, tid=30211
#
# JRE version: Java(TM) SE Runtime Environment (8.0_66-b17) (build 1.8.0_66-b17)
# Java VM: Java HotSpot(TM) 64-Bit Server VM (25.66-b17 mixed mode bsd-amd64 compressed oops)
# Problematic frame:
# C  [JARLIB-2390847183850967046-libumundoNativeJava64.jnilib+0x1a7ad]  umundo::EndPoint::getIP() const+0xd
#
# Failed to write core dump. Core dumps have been disabled. To enable core dumping, try "ulimit -c unlimited" before starting Java again
#
# If you would like to submit a bug report, please visit:
#   http://bugreport.java.com/bugreport/crash.jsp
#

---------------  T H R E A D  ---------------

Current thread is native thread

siginfo: si_signo: 11 (SIGSEGV), si_code: 1 (SEGV_MAPERR), si_addr: 0x0000000000000000

Registers:
RAX=0x00007fe97a02ec68, RBX=0x000070000258bb00, RCX=0x000000011f2fcc40, RDX=0xfffffffffffffff4
RSP=0x000070000258baa0, RBP=0x000070000258bab0, RSI=0x0000000000000000, RDI=0x000070000258bb00
R8 =0x0000000000000005, R9 =0x00000000fffffe00, R10=0x0000000104ac3e18, R11=0x0000000000000cc0
R12=0x00007fe97a327cc8, R13=0x00007fe97a02dfb8, R14=0x00007fe97a327cc0, R15=0x00007fe97a02d8c0
RIP=0x000000011f2107ad, EFLAGS=0x0000000000010206, ERR=0x0000000000000004
  TRAPNO=0x000000000000000e

Top of Stack: (sp=0x000070000258baa0)
0x000070000258baa0:   00007fe97a02ec68 00007fe97a02dfc0
0x000070000258bab0:   000070000258bb40 000000011f23e5f7
0x000070000258bac0:   00007fe97a02dfa0 0000000000000000
0x000070000258bad0:   00007fe97a327ae0 000070000258bc00
0x000070000258bae0:   00007fe97a02dff0 00007fe97a02d801
0x000070000258baf0:   000070000258bb40 000000011f246de3
0x000070000258bb00:   00007fe97a000000 0000000104abf000
0x000070000258bb10:   00007fe97a02df80 0000000000000000
0x000070000258bb20:   00007fe97a327ae0 000070000258bbe8
0x000070000258bb30:   00007fe97a327a01 00007fe97a02d801
0x000070000258bb40:   000070000258bca0 000000011f23ec1a
0x000070000258bb50:   000070000258bb90 000000011f28a960
0x000070000258bb60:   000070000258bbcc 00007fe97a327ae0
0x000070000258bb70:   00007fe97a327b78 00007fe97a327ce0
0x000070000258bb80:   00007fe97a327cd8 00007fe97a327cc8
0x000070000258bb90:   00007fe97a327cc0 00007fe97a327d08
0x000070000258bba0:   000070000258bc40 0000000000000000
0x000070000258bbb0:   ffffffffffffffff 6362633065623110
0x000070000258bbc0:   0000000000000061 0000000200000005
0x000070000258bbd0:   0000000000000031 0000000000000024
0x000070000258bbe0:   00007fe97a02eba0 0000000000000031
0x000070000258bbf0:   0000000000000024 00007fe97a02eba0
0x000070000258bc00:   0000000000000031 0000000000000024
0x000070000258bc10:   00007fe97a02ec00 0000000000000031
0x000070000258bc20:   0000000000000025 00007fe97a02ebd0
0x000070000258bc30:   0000000000000004 000070000258be4c
0x000070000258bc40:   000000000000005c 0000000000000000
0x000070000258bc50:   00007fe97a02d820 000000011f28cba5
0x000070000258bc60:   000070000258bca0 006600e97a327dd0
0x000070000258bc70:   b10099a44f1ec9f1 00007fe97a327dd0
0x000070000258bc80:   000070000258be4c 000070000258be40
0x000070000258bc90:   00007fe97a327ae0 000000011f2ce5ea 

Instructions: (pc=0x000000011f2107ad)
0x000000011f21078d:   48 8b 06 ff 50 10 48 89 d8 48 83 c4 08 5b 5d c3
0x000000011f21079d:   0f 1f 00 55 48 89 e5 53 50 48 89 fb 48 8b 76 08
0x000000011f2107ad:   48 8b 06 ff 50 18 48 89 d8 48 83 c4 08 5b 5d c3
0x000000011f2107bd:   0f 1f 00 55 48 89 e5 53 50 48 89 fb 48 8b 76 08 

Register to memory mapping:

RAX=0x00007fe97a02ec68 is an unknown value
RBX=0x000070000258bb00 is an unknown value
RCX=0x000000011f2fcc40: _ZTVN6umundo8NodeStubE+0x10 in /private/var/folders/z9/v41ytbq93q9_shkp829fwm7w0000gn/T/JARLIB-2390847183850967046-libumundoNativeJava64.jnilib at 0x000000011f1f6000
RDX=0xfffffffffffffff4 is an unknown value
RSP=0x000070000258baa0 is an unknown value
RBP=0x000070000258bab0 is an unknown value
RSI=0x0000000000000000 is an unknown value
RDI=0x000070000258bb00 is an unknown value
R8 =0x0000000000000005 is an unknown value
R9 =0x00000000fffffe00 is an unknown value
R10=0x0000000104ac3e18 is an unknown value
R11=0x0000000000000cc0 is an unknown value
R12=0x00007fe97a327cc8 is an unknown value
R13=0x00007fe97a02dfb8 is an unknown value
R14=0x00007fe97a327cc0 is an unknown value
R15=0x00007fe97a02d8c0 is an unknown value


Stack: [0x000070000250c000,0x000070000258c000],  sp=0x000070000258baa0,  free space=510k
Native frames: (J=compiled Java code, j=interpreted, Vv=VM code, C=native code)
C  [JARLIB-2390847183850967046-libumundoNativeJava64.jnilib+0x1a7ad]  umundo::EndPoint::getIP() const+0xd
C  [JARLIB-2390847183850967046-libumundoNativeJava64.jnilib+0x485f7]  umundo::ZeroMQNode::confirmSubscription(std::__1::basic_string<char, std::__1::char_traits<char>, std::__1::allocator<char> > const&)+0x147
C  [JARLIB-2390847183850967046-libumundoNativeJava64.jnilib+0x48c1a]  umundo::ZeroMQNode::receivedFromPubSocket()+0x3fa
C  [JARLIB-2390847183850967046-libumundoNativeJava64.jnilib+0x4f4d1]  umundo::ZeroMQNode::run()+0x6b1
C  [JARLIB-2390847183850967046-libumundoNativeJava64.jnilib+0x3647f]  umundo::Thread::runWrapper(void*)+0xf
C  [JARLIB-2390847183850967046-libumundoNativeJava64.jnilib+0x366f3]  umundo::tthread::thread::wrapper_function(void*)+0x13
C  [libsystem_pthread.dylib+0x399d]  _pthread_body+0x83
C  [libsystem_pthread.dylib+0x391a]  _pthread_body+0x0
C  [libsystem_pthread.dylib+0x1351]  thread_start+0xd


---------------  P R O C E S S  ---------------

VM state:not at safepoint (normal execution)

VM Mutex/Monitor currently owned by a thread: None

Heap:
 PSYoungGen      total 38400K, used 14687K [0x0000000795580000, 0x0000000798000000, 0x00000007c0000000)
  eden space 33280K, 44% used [0x0000000795580000,0x00000007963d7eb8,0x0000000797600000)
  from space 5120K, 0% used [0x0000000797b00000,0x0000000797b00000,0x0000000798000000)
  to   space 5120K, 0% used [0x0000000797600000,0x0000000797600000,0x0000000797b00000)
 ParOldGen       total 87552K, used 0K [0x0000000740000000, 0x0000000745580000, 0x0000000795580000)
  object space 87552K, 0% used [0x0000000740000000,0x0000000740000000,0x0000000745580000)
 Metaspace       used 6705K, capacity 6768K, committed 7040K, reserved 1056768K
  class space    used 769K, capacity 784K, committed 896K, reserved 1048576K

Card table byte_map: [0x0000000116146000,0x0000000116547000] byte_map_base: 0x0000000112746000

Marking Bits: (ParMarkBitMap*) 0x00000001066dde20
 Begin Bits: [0x00000001167f2000, 0x00000001187f2000)
 End Bits:   [0x00000001187f2000, 0x000000011a7f2000)

Polling page: 0x0000000104d67000

CodeCache: size=245760Kb used=1937Kb max_used=1937Kb free=243822Kb
 bounds [0x0000000106d86000, 0x0000000106ff6000, 0x0000000115d86000]
 total_blobs=617 nmethods=315 adapters=224
 compilation: enabled

Compilation events (10 events):
Event: 0.485 Thread 0x00007fe97908a800  310       1       java.lang.StringCoding$StringDecoder::requestedCharsetName (5 bytes)
Event: 0.485 Thread 0x00007fe97908a800 nmethod 310 0x0000000106f5afd0 code [0x0000000106f5b120, 0x0000000106f5b230]
Event: 0.485 Thread 0x00007fe97908a800  313       3       java.lang.ClassLoader::loadClass (7 bytes)
Event: 0.485 Thread 0x00007fe97908a800 nmethod 313 0x0000000106f61f90 code [0x0000000106f62100, 0x0000000106f62328]
Event: 0.485 Thread 0x00007fe97908a800  314       3       sun.misc.Launcher$AppClassLoader::loadClass (85 bytes)
Event: 0.485 Thread 0x00007fe97908a800 nmethod 314 0x0000000106f60ad0 code [0x0000000106f60d20, 0x0000000106f61a88]
Event: 0.486 Thread 0x00007fe97908a800  315  s    3       sun.misc.URLClassPath::knownToNotExist (24 bytes)
Event: 0.486 Thread 0x00007fe97908a800 nmethod 315 0x0000000106f60490 code [0x0000000106f60600, 0x0000000106f609e8]
Event: 0.486 Thread 0x00007fe97908a800  312       3       java.util.Objects::requireNonNull (15 bytes)
Event: 0.486 Thread 0x00007fe97908a800 nmethod 312 0x0000000106f5ffd0 code [0x0000000106f60140, 0x0000000106f60388]

GC Heap History (0 events):
No events

Deoptimization events (4 events):
Event: 0.150 Thread 0x00007fe97a801800 Uncommon trap: reason=unstable_if action=reinterpret pc=0x0000000106ea780c method=java.lang.String.hashCode()I @ 14
Event: 0.192 Thread 0x00007fe97a801800 Uncommon trap: reason=unstable_if action=reinterpret pc=0x0000000106ebe69c method=java.lang.String.indexOf(II)I @ 49
Event: 0.295 Thread 0x00007fe97c08a000 Uncommon trap: reason=unstable_if action=reinterpret pc=0x0000000106f0701c method=java.lang.String.indexOf([CII[CIII)I @ 3
Event: 0.409 Thread 0x00007fe97a801800 Uncommon trap: reason=unstable_if action=reinterpret pc=0x0000000106f3aee4 method=java.lang.String.indexOf([CII[CIII)I @ 134

Internal exceptions (10 events):
Event: 0.222 Thread 0x00007fe97a801800 Exception <a 'java/lang/ArrayIndexOutOfBoundsException': 22> (0x0000000795a40a50) thrown at [/HUDSON3/workspace/8-2-build-macosx-x86_64/jdk8u66/4988/hotspot/src/share/vm/interpreter/interpreterRuntime.cpp, line 366]
Event: 0.224 Thread 0x00007fe97a801800 Exception <a 'java/lang/ArrayIndexOutOfBoundsException': 160> (0x0000000795a42ea0) thrown at [/HUDSON3/workspace/8-2-build-macosx-x86_64/jdk8u66/4988/hotspot/src/share/vm/interpreter/interpreterRuntime.cpp, line 366]
Event: 0.228 Thread 0x00007fe97a801800 Exception <a 'java/lang/ClassNotFoundException': org/apache/log4j/LayoutCustomizer> (0x0000000795a4dd08) thrown at [/HUDSON3/workspace/8-2-build-macosx-x86_64/jdk8u66/4988/hotspot/src/share/vm/classfile/systemDictionary.cpp, line 210]
Event: 0.231 Thread 0x00007fe97a801800 Exception <a 'java/lang/ClassNotFoundException': org/apache/log4j/PatternLayoutCustomizer> (0x0000000795a68148) thrown at [/HUDSON3/workspace/8-2-build-macosx-x86_64/jdk8u66/4988/hotspot/src/share/vm/classfile/systemDictionary.cpp, line 210]
Event: 0.258 Thread 0x00007fe97a801800 Exception <a 'java/lang/ClassNotFoundException': org/apache/log4j/ConsoleAppenderBeanInfo> (0x0000000795ae5a98) thrown at [/HUDSON3/workspace/8-2-build-macosx-x86_64/jdk8u66/4988/hotspot/src/share/vm/classfile/systemDictionary.cpp, line 210]
Event: 0.258 Thread 0x00007fe97a801800 Exception <a 'java/lang/ClassNotFoundException': org/apache/log4j/WriterAppenderBeanInfo> (0x0000000795aeee90) thrown at [/HUDSON3/workspace/8-2-build-macosx-x86_64/jdk8u66/4988/hotspot/src/share/vm/classfile/systemDictionary.cpp, line 210]
Event: 0.259 Thread 0x00007fe97a801800 Exception <a 'java/lang/ClassNotFoundException': org/apache/log4j/AppenderSkeletonBeanInfo> (0x0000000795af8748) thrown at [/HUDSON3/workspace/8-2-build-macosx-x86_64/jdk8u66/4988/hotspot/src/share/vm/classfile/systemDictionary.cpp, line 210]
Event: 0.259 Thread 0x00007fe97a801800 Exception <a 'java/lang/ClassNotFoundException': org/apache/log4j/AppenderSkeletonCustomizer> (0x0000000795b02480) thrown at [/HUDSON3/workspace/8-2-build-macosx-x86_64/jdk8u66/4988/hotspot/src/share/vm/classfile/systemDictionary.cpp, line 210]
Event: 0.261 Thread 0x00007fe97a801800 Exception <a 'java/lang/ClassNotFoundException': org/apache/log4j/WriterAppenderCustomizer> (0x0000000795b20740) thrown at [/HUDSON3/workspace/8-2-build-macosx-x86_64/jdk8u66/4988/hotspot/src/share/vm/classfile/systemDictionary.cpp, line 210]
Event: 0.262 Thread 0x00007fe97a801800 Exception <a 'java/lang/ClassNotFoundException': org/apache/log4j/ConsoleAppenderCustomizer> (0x0000000795b36480) thrown at [/HUDSON3/workspace/8-2-build-macosx-x86_64/jdk8u66/4988/hotspot/src/share/vm/classfile/systemDictionary.cpp, line 210]

Events (10 events):
Event: 0.485 loading class org/umundo/control/Client$1 done
Event: 0.485 Thread 0x00007fe97a801800 DEOPT PACKING pc=0x0000000106f16df1 sp=0x00007000002185a0
Event: 0.485 Thread 0x00007fe97a801800 DEOPT UNPACKING pc=0x0000000106dcd633 sp=0x0000700000218310 mode 1
Event: 0.485 Thread 0x00007fe97a801800 DEOPT PACKING pc=0x0000000106ef3e54 sp=0x0000700000218620
Event: 0.485 Thread 0x00007fe97a801800 DEOPT UNPACKING pc=0x0000000106dcd633 sp=0x0000700000218460 mode 1
Event: 0.485 Thread 0x00007fe97a801800 DEOPT PACKING pc=0x0000000106ef3bf4 sp=0x00007000002187b0
Event: 0.485 Thread 0x00007fe97a801800 DEOPT UNPACKING pc=0x0000000106dcd633 sp=0x0000700000218608 mode 1
Event: 0.485 Thread 0x00007fe97b82c800 Thread added: 0x00007fe97b82c800
Event: 1.338 loading class java/util/HashMap$KeyIterator
Event: 1.338 loading class java/util/HashMap$KeyIterator done


Dynamic libraries:
0x000000000a799000 	/System/Library/Frameworks/Cocoa.framework/Versions/A/Cocoa
0x000000000a799000 	/System/Library/Frameworks/Security.framework/Versions/A/Security
0x000000000a799000 	/System/Library/Frameworks/ApplicationServices.framework/Versions/A/ApplicationServices
0x000000000a799000 	/usr/lib/libz.1.dylib
0x000000000a799000 	/usr/lib/libSystem.B.dylib
0x000000000a799000 	/usr/lib/libobjc.A.dylib
0x000000000a799000 	/System/Library/Frameworks/CoreFoundation.framework/Versions/A/CoreFoundation
0x000000000a799000 	/System/Library/Frameworks/Foundation.framework/Versions/C/Foundation
0x000000000a799000 	/System/Library/Frameworks/AppKit.framework/Versions/C/AppKit
0x000000000a799000 	/System/Library/Frameworks/CoreData.framework/Versions/A/CoreData
0x000000000a799000 	/System/Library/PrivateFrameworks/RemoteViewServices.framework/Versions/A/RemoteViewServices
0x000000000a799000 	/System/Library/PrivateFrameworks/UIFoundation.framework/Versions/A/UIFoundation
0x000000000a799000 	/usr/lib/libScreenReader.dylib
0x000000000a799000 	/System/Library/Frameworks/Accelerate.framework/Versions/A/Accelerate
0x000000000a799000 	/System/Library/Frameworks/IOSurface.framework/Versions/A/IOSurface
0x000000000a799000 	/System/Library/Frameworks/AudioToolbox.framework/Versions/A/AudioToolbox
0x000000000a799000 	/System/Library/Frameworks/AudioUnit.framework/Versions/A/AudioUnit
0x000000000a799000 	/System/Library/PrivateFrameworks/DataDetectorsCore.framework/Versions/A/DataDetectorsCore
0x000000000a799000 	/System/Library/PrivateFrameworks/DesktopServicesPriv.framework/Versions/A/DesktopServicesPriv
0x000000000a799000 	/System/Library/Frameworks/Carbon.framework/Versions/A/Frameworks/HIToolbox.framework/Versions/A/HIToolbox
0x000000000a799000 	/System/Library/Frameworks/QuartzCore.framework/Versions/A/QuartzCore
0x000000000a799000 	/System/Library/Frameworks/Carbon.framework/Versions/A/Frameworks/SpeechRecognition.framework/Versions/A/SpeechRecognition
0x000000000a799000 	/usr/lib/libauto.dylib
0x000000000a799000 	/usr/lib/libicucore.A.dylib
0x000000000a799000 	/usr/lib/libxml2.2.dylib
0x000000000a799000 	/System/Library/PrivateFrameworks/CoreUI.framework/Versions/A/CoreUI
0x000000000a799000 	/System/Library/Frameworks/CoreAudio.framework/Versions/A/CoreAudio
0x000000000a799000 	/System/Library/Frameworks/DiskArbitration.framework/Versions/A/DiskArbitration
0x000000000a799000 	/usr/lib/liblangid.dylib
0x000000000a799000 	/System/Library/PrivateFrameworks/MultitouchSupport.framework/Versions/A/MultitouchSupport
0x000000000a799000 	/System/Library/Frameworks/IOKit.framework/Versions/A/IOKit
0x000000000a799000 	/usr/lib/libDiagnosticMessagesClient.dylib
0x000000000a799000 	/System/Library/Frameworks/CoreServices.framework/Versions/A/CoreServices
0x000000000a799000 	/System/Library/PrivateFrameworks/PerformanceAnalysis.framework/Versions/A/PerformanceAnalysis
0x000000000a799000 	/System/Library/PrivateFrameworks/GenerationalStorage.framework/Versions/A/GenerationalStorage
0x000000000a799000 	/System/Library/Frameworks/OpenGL.framework/Versions/A/OpenGL
0x000000000a799000 	/System/Library/PrivateFrameworks/Sharing.framework/Versions/A/Sharing
0x000000000a799000 	/System/Library/Frameworks/CoreGraphics.framework/Versions/A/CoreGraphics
0x000000000a799000 	/System/Library/Frameworks/CoreImage.framework/Versions/A/CoreImage
0x000000000a799000 	/System/Library/Frameworks/CoreText.framework/Versions/A/CoreText
0x000000000a799000 	/System/Library/Frameworks/ImageIO.framework/Versions/A/ImageIO
0x000000000a799000 	/System/Library/PrivateFrameworks/Backup.framework/Versions/A/Backup
0x000000000a799000 	/usr/lib/libextension.dylib
0x000000000a799000 	/usr/lib/libarchive.2.dylib
0x000000000a799000 	/System/Library/Frameworks/CFNetwork.framework/Versions/A/CFNetwork
0x000000000a799000 	/System/Library/Frameworks/SystemConfiguration.framework/Versions/A/SystemConfiguration
0x000000000a799000 	/usr/lib/libCRFSuite.dylib
0x000000000a799000 	/usr/lib/libc++.1.dylib
0x000000000a799000 	/usr/lib/libc++abi.dylib
0x000000000a799000 	/usr/lib/system/libcache.dylib
0x000000000a799000 	/usr/lib/system/libcommonCrypto.dylib
0x000000000a799000 	/usr/lib/system/libcompiler_rt.dylib
0x000000000a799000 	/usr/lib/system/libcopyfile.dylib
0x000000000a799000 	/usr/lib/system/libcorecrypto.dylib
0x000000000a799000 	/usr/lib/system/libdispatch.dylib
0x000000000a799000 	/usr/lib/system/libdyld.dylib
0x000000000a799000 	/usr/lib/system/libkeymgr.dylib
0x000000000a799000 	/usr/lib/system/liblaunch.dylib
0x000000000a799000 	/usr/lib/system/libmacho.dylib
0x000000000a799000 	/usr/lib/system/libquarantine.dylib
0x000000000a799000 	/usr/lib/system/libremovefile.dylib
0x000000000a799000 	/usr/lib/system/libsystem_asl.dylib
0x000000000a799000 	/usr/lib/system/libsystem_blocks.dylib
0x000000000a799000 	/usr/lib/system/libsystem_c.dylib
0x000000000a799000 	/usr/lib/system/libsystem_configuration.dylib
0x000000000a799000 	/usr/lib/system/libsystem_coreservices.dylib
0x000000000a799000 	/usr/lib/system/libsystem_coretls.dylib
0x000000000a799000 	/usr/lib/system/libsystem_dnssd.dylib
0x000000000a799000 	/usr/lib/system/libsystem_info.dylib
0x000000000a799000 	/usr/lib/system/libsystem_kernel.dylib
0x000000000a799000 	/usr/lib/system/libsystem_m.dylib
0x000000000a799000 	/usr/lib/system/libsystem_malloc.dylib
0x000000000a799000 	/usr/lib/system/libsystem_network.dylib
0x000000000a799000 	/usr/lib/system/libsystem_networkextension.dylib
0x000000000a799000 	/usr/lib/system/libsystem_notify.dylib
0x000000000a799000 	/usr/lib/system/libsystem_platform.dylib
0x000000000a799000 	/usr/lib/system/libsystem_pthread.dylib
0x000000000a799000 	/usr/lib/system/libsystem_sandbox.dylib
0x000000000a799000 	/usr/lib/system/libsystem_secinit.dylib
0x000000000a799000 	/usr/lib/system/libsystem_trace.dylib
0x000000000a799000 	/usr/lib/system/libunc.dylib
0x000000000a799000 	/usr/lib/system/libunwind.dylib
0x000000000a799000 	/usr/lib/system/libxpc.dylib
0x000000000a799000 	/usr/lib/libenergytrace.dylib
0x000000000a799000 	/usr/lib/libbsm.0.dylib
0x000000000a799000 	/usr/lib/system/libkxld.dylib
0x000000000a799000 	/usr/lib/libxar.1.dylib
0x000000000a799000 	/usr/lib/libsqlite3.dylib
0x000000000a799000 	/usr/lib/libpam.2.dylib
0x000000000a799000 	/usr/lib/libOpenScriptingUtil.dylib
0x000000000a799000 	/usr/lib/libbz2.1.0.dylib
0x000000000a799000 	/usr/lib/liblzma.5.dylib
0x000000000a799000 	/System/Library/Frameworks/CoreServices.framework/Versions/A/Frameworks/FSEvents.framework/Versions/A/FSEvents
0x000000000a799000 	/System/Library/Frameworks/CoreServices.framework/Versions/A/Frameworks/CarbonCore.framework/Versions/A/CarbonCore
0x000000000a799000 	/System/Library/Frameworks/CoreServices.framework/Versions/A/Frameworks/Metadata.framework/Versions/A/Metadata
0x000000000a799000 	/System/Library/Frameworks/CoreServices.framework/Versions/A/Frameworks/OSServices.framework/Versions/A/OSServices
0x000000000a799000 	/System/Library/Frameworks/CoreServices.framework/Versions/A/Frameworks/SearchKit.framework/Versions/A/SearchKit
0x000000000a799000 	/System/Library/Frameworks/CoreServices.framework/Versions/A/Frameworks/AE.framework/Versions/A/AE
0x000000000a799000 	/System/Library/Frameworks/CoreServices.framework/Versions/A/Frameworks/LaunchServices.framework/Versions/A/LaunchServices
0x000000000a799000 	/System/Library/Frameworks/CoreServices.framework/Versions/A/Frameworks/DictionaryServices.framework/Versions/A/DictionaryServices
0x000000000a799000 	/System/Library/Frameworks/CoreServices.framework/Versions/A/Frameworks/SharedFileList.framework/Versions/A/SharedFileList
0x000000000a799000 	/System/Library/Frameworks/NetFS.framework/Versions/A/NetFS
0x000000000a799000 	/System/Library/PrivateFrameworks/NetAuth.framework/Versions/A/NetAuth
0x000000000a799000 	/System/Library/PrivateFrameworks/login.framework/Versions/A/Frameworks/loginsupport.framework/Versions/A/loginsupport
0x000000000a799000 	/System/Library/PrivateFrameworks/TCC.framework/Versions/A/TCC
0x000000000a799000 	/usr/lib/libmecabra.dylib
0x000000000a799000 	/System/Library/Frameworks/ApplicationServices.framework/Versions/A/Frameworks/ATS.framework/Versions/A/ATS
0x000000000a799000 	/System/Library/Frameworks/ApplicationServices.framework/Versions/A/Frameworks/ColorSync.framework/Versions/A/ColorSync
0x000000000a799000 	/System/Library/Frameworks/ApplicationServices.framework/Versions/A/Frameworks/HIServices.framework/Versions/A/HIServices
0x000000000a799000 	/System/Library/Frameworks/ApplicationServices.framework/Versions/A/Frameworks/LangAnalysis.framework/Versions/A/LangAnalysis
0x000000000a799000 	/System/Library/Frameworks/ApplicationServices.framework/Versions/A/Frameworks/PrintCore.framework/Versions/A/PrintCore
0x000000000a799000 	/System/Library/Frameworks/ApplicationServices.framework/Versions/A/Frameworks/QD.framework/Versions/A/QD
0x000000000a799000 	/System/Library/Frameworks/ApplicationServices.framework/Versions/A/Frameworks/SpeechSynthesis.framework/Versions/A/SpeechSynthesis
0x000000000a799000 	/System/Library/Frameworks/Metal.framework/Versions/A/Metal
0x000000000a799000 	/System/Library/Frameworks/Accelerate.framework/Versions/A/Frameworks/vImage.framework/Versions/A/vImage
0x000000000a799000 	/System/Library/Frameworks/Accelerate.framework/Versions/A/Frameworks/vecLib.framework/Versions/A/vecLib
0x000000000a799000 	/System/Library/Frameworks/Accelerate.framework/Versions/A/Frameworks/vecLib.framework/Versions/A/libvDSP.dylib
0x000000000a799000 	/System/Library/Frameworks/Accelerate.framework/Versions/A/Frameworks/vecLib.framework/Versions/A/libvMisc.dylib
0x000000000a799000 	/System/Library/Frameworks/Accelerate.framework/Versions/A/Frameworks/vecLib.framework/Versions/A/libLAPACK.dylib
0x000000000a799000 	/System/Library/Frameworks/Accelerate.framework/Versions/A/Frameworks/vecLib.framework/Versions/A/libBLAS.dylib
0x000000000a799000 	/System/Library/Frameworks/Accelerate.framework/Versions/A/Frameworks/vecLib.framework/Versions/A/libLinearAlgebra.dylib
0x000000000a799000 	/System/Library/Frameworks/Accelerate.framework/Versions/A/Frameworks/vecLib.framework/Versions/A/libSparseBLAS.dylib
0x000000000a799000 	/System/Library/PrivateFrameworks/GPUCompiler.framework/libmetal_timestamp.dylib
0x000000000a799000 	/System/Library/Frameworks/OpenGL.framework/Versions/A/Libraries/libCoreFSCache.dylib
0x000000000a799000 	/System/Library/PrivateFrameworks/IOAccelerator.framework/Versions/A/IOAccelerator
0x000000000a799000 	/System/Library/Frameworks/ApplicationServices.framework/Versions/A/Frameworks/ATS.framework/Versions/A/Resources/libFontParser.dylib
0x000000000a799000 	/System/Library/Frameworks/ApplicationServices.framework/Versions/A/Frameworks/ATS.framework/Versions/A/Resources/libFontRegistry.dylib
0x000000000a799000 	/System/Library/PrivateFrameworks/AppleVPA.framework/Versions/A/AppleVPA
0x000000000a799000 	/System/Library/PrivateFrameworks/AppleJPEG.framework/Versions/A/AppleJPEG
0x000000000a799000 	/System/Library/Frameworks/ImageIO.framework/Versions/A/Resources/libJPEG.dylib
0x000000000a799000 	/System/Library/Frameworks/ImageIO.framework/Versions/A/Resources/libTIFF.dylib
0x000000000a799000 	/System/Library/Frameworks/ImageIO.framework/Versions/A/Resources/libPng.dylib
0x000000000a799000 	/System/Library/Frameworks/ImageIO.framework/Versions/A/Resources/libGIF.dylib
0x000000000a799000 	/System/Library/Frameworks/ImageIO.framework/Versions/A/Resources/libJP2.dylib
0x000000000a799000 	/System/Library/Frameworks/ImageIO.framework/Versions/A/Resources/libRadiance.dylib
0x000000000a799000 	/System/Library/Frameworks/CoreVideo.framework/Versions/A/CoreVideo
0x000000000a799000 	/System/Library/Frameworks/OpenGL.framework/Versions/A/Libraries/libGLU.dylib
0x000000000a799000 	/System/Library/Frameworks/OpenGL.framework/Versions/A/Libraries/libGFXShared.dylib
0x000000000a799000 	/System/Library/Frameworks/OpenGL.framework/Versions/A/Libraries/libGL.dylib
0x000000000a799000 	/System/Library/Frameworks/OpenGL.framework/Versions/A/Libraries/libGLImage.dylib
0x000000000a799000 	/System/Library/Frameworks/OpenGL.framework/Versions/A/Libraries/libCVMSPluginSupport.dylib
0x000000000a799000 	/System/Library/Frameworks/OpenGL.framework/Versions/A/Libraries/libCoreVMClient.dylib
0x000000000a799000 	/usr/lib/libcups.2.dylib
0x000000000a799000 	/System/Library/Frameworks/Kerberos.framework/Versions/A/Kerberos
0x000000000a799000 	/System/Library/Frameworks/GSS.framework/Versions/A/GSS
0x000000000a799000 	/usr/lib/libresolv.9.dylib
0x000000000a799000 	/usr/lib/libiconv.2.dylib
0x000000000a799000 	/System/Library/PrivateFrameworks/Heimdal.framework/Versions/A/Heimdal
0x000000000a799000 	/usr/lib/libheimdal-asn1.dylib
0x000000000a799000 	/System/Library/Frameworks/OpenDirectory.framework/Versions/A/OpenDirectory
0x000000000a799000 	/System/Library/PrivateFrameworks/CommonAuth.framework/Versions/A/CommonAuth
0x000000000a799000 	/System/Library/Frameworks/OpenDirectory.framework/Versions/A/Frameworks/CFOpenDirectory.framework/Versions/A/CFOpenDirectory
0x000000000a799000 	/System/Library/Frameworks/SecurityFoundation.framework/Versions/A/SecurityFoundation
0x000000000a799000 	/System/Library/PrivateFrameworks/LanguageModeling.framework/Versions/A/LanguageModeling
0x000000000a799000 	/usr/lib/libmarisa.dylib
0x000000000a799000 	/usr/lib/libChineseTokenizer.dylib
0x000000000a799000 	/usr/lib/libcmph.dylib
0x000000000a799000 	/usr/lib/libcompression.dylib
0x000000000a799000 	/System/Library/Frameworks/ServiceManagement.framework/Versions/A/ServiceManagement
0x000000000a799000 	/usr/lib/libxslt.1.dylib
0x000000000a799000 	/System/Library/Frameworks/Carbon.framework/Versions/A/Frameworks/Ink.framework/Versions/A/Ink
0x000000000a799000 	/usr/lib/libFosl_dynamic.dylib
0x000000000a799000 	/System/Library/PrivateFrameworks/FaceCore.framework/Versions/A/FaceCore
0x000000000a799000 	/System/Library/Frameworks/OpenCL.framework/Versions/A/OpenCL
0x000000000a799000 	/System/Library/PrivateFrameworks/CrashReporterSupport.framework/Versions/A/CrashReporterSupport
0x000000000a799000 	/System/Library/PrivateFrameworks/IconServices.framework/Versions/A/IconServices
0x000000000a799000 	/System/Library/PrivateFrameworks/Apple80211.framework/Versions/A/Apple80211
0x000000000a799000 	/System/Library/Frameworks/CoreWLAN.framework/Versions/A/CoreWLAN
0x000000000a799000 	/System/Library/Frameworks/IOBluetooth.framework/Versions/A/IOBluetooth
0x000000000a799000 	/System/Library/PrivateFrameworks/CoreWiFi.framework/Versions/A/CoreWiFi
0x000000000a799000 	/System/Library/Frameworks/CoreBluetooth.framework/Versions/A/CoreBluetooth
0x000000000a799000 	/System/Library/PrivateFrameworks/ChunkingLibrary.framework/Versions/A/ChunkingLibrary
0x000000000a799000 	/System/Library/PrivateFrameworks/DebugSymbols.framework/Versions/A/DebugSymbols
0x000000000a799000 	/System/Library/PrivateFrameworks/CoreSymbolication.framework/Versions/A/CoreSymbolication
0x000000000a799000 	/System/Library/PrivateFrameworks/Symbolication.framework/Versions/A/Symbolication
0x000000000a799000 	/System/Library/PrivateFrameworks/SpeechRecognitionCore.framework/Versions/A/SpeechRecognitionCore
0x0000000105e00000 	/Library/Java/JavaVirtualMachines/jdk1.8.0_66.jdk/Contents/Home/jre/lib/server/libjvm.dylib
0x000000000a799000 	/usr/lib/libstdc++.6.dylib
0x0000000104d24000 	/Library/Java/JavaVirtualMachines/jdk1.8.0_66.jdk/Contents/Home/jre/lib/libverify.dylib
0x0000000104d32000 	/Library/Java/JavaVirtualMachines/jdk1.8.0_66.jdk/Contents/Home/jre/lib/libjava.dylib
0x0000000104d68000 	/Library/Java/JavaVirtualMachines/jdk1.8.0_66.jdk/Contents/Home/jre/lib/libjdwp.dylib
0x0000000104db3000 	/Library/Java/JavaVirtualMachines/jdk1.8.0_66.jdk/Contents/Home/jre/lib/libnpt.dylib
0x0000000104dc0000 	/Library/Java/JavaVirtualMachines/jdk1.8.0_66.jdk/Contents/Home/jre/lib/libzip.dylib
0x000000011d340000 	/System/Library/Frameworks/JavaVM.framework/Frameworks/JavaRuntimeSupport.framework/JavaRuntimeSupport
0x000000011d35b000 	/System/Library/Frameworks/JavaVM.framework/Versions/A/Frameworks/JavaNativeFoundation.framework/Versions/A/JavaNativeFoundation
0x0000000104df2000 	/System/Library/Frameworks/JavaVM.framework/Versions/A/JavaVM
0x000000000a799000 	/System/Library/Frameworks/Carbon.framework/Versions/A/Carbon
0x000000011d370000 	/System/Library/PrivateFrameworks/JavaLaunching.framework/Versions/A/JavaLaunching
0x000000000a799000 	/System/Library/Frameworks/Carbon.framework/Versions/A/Frameworks/CommonPanels.framework/Versions/A/CommonPanels
0x000000000a799000 	/System/Library/Frameworks/Carbon.framework/Versions/A/Frameworks/Help.framework/Versions/A/Help
0x000000000a799000 	/System/Library/Frameworks/Carbon.framework/Versions/A/Frameworks/ImageCapture.framework/Versions/A/ImageCapture
0x000000000a799000 	/System/Library/Frameworks/Carbon.framework/Versions/A/Frameworks/OpenScripting.framework/Versions/A/OpenScripting
0x000000000a799000 	/System/Library/Frameworks/Carbon.framework/Versions/A/Frameworks/Print.framework/Versions/A/Print
0x000000000a799000 	/System/Library/Frameworks/Carbon.framework/Versions/A/Frameworks/SecurityHI.framework/Versions/A/SecurityHI
0x000000011ec92000 	/Library/Java/JavaVirtualMachines/jdk1.8.0_66.jdk/Contents/Home/jre/lib/libdt_socket.dylib
0x000000011ee15000 	/Library/Java/JavaVirtualMachines/jdk1.8.0_66.jdk/Contents/Home/jre/lib/libnet.dylib
0x000000011f00a000 	/Library/Java/JavaVirtualMachines/jdk1.8.0_66.jdk/Contents/Home/jre/lib/libnio.dylib
0x000000011f1f6000 	/private/var/folders/z9/v41ytbq93q9_shkp829fwm7w0000gn/T/JARLIB-2390847183850967046-libumundoNativeJava64.jnilib

VM Arguments:
jvm_args: -agentlib:jdwp=transport=dt_socket,address=127.0.0.1:50541,suspend=y,server=n -Dfile.encoding=UTF-8 
java_command: org.umundo.Game 8080 A
java_class_path (initial): /Library/Java/JavaVirtualMachines/jdk1.8.0_66.jdk/Contents/Home/jre/lib/charsets.jar:/Library/Java/JavaVirtualMachines/jdk1.8.0_66.jdk/Contents/Home/jre/lib/deploy.jar:/Library/Java/JavaVirtualMachines/jdk1.8.0_66.jdk/Contents/Home/jre/lib/ext/cldrdata.jar:/Library/Java/JavaVirtualMachines/jdk1.8.0_66.jdk/Contents/Home/jre/lib/ext/dnsns.jar:/Library/Java/JavaVirtualMachines/jdk1.8.0_66.jdk/Contents/Home/jre/lib/ext/jaccess.jar:/Library/Java/JavaVirtualMachines/jdk1.8.0_66.jdk/Contents/Home/jre/lib/ext/jfxrt.jar:/Library/Java/JavaVirtualMachines/jdk1.8.0_66.jdk/Contents/Home/jre/lib/ext/localedata.jar:/Library/Java/JavaVirtualMachines/jdk1.8.0_66.jdk/Contents/Home/jre/lib/ext/nashorn.jar:/Library/Java/JavaVirtualMachines/jdk1.8.0_66.jdk/Contents/Home/jre/lib/ext/sunec.jar:/Library/Java/JavaVirtualMachines/jdk1.8.0_66.jdk/Contents/Home/jre/lib/ext/sunjce_provider.jar:/Library/Java/JavaVirtualMachines/jdk1.8.0_66.jdk/Contents/Home/jre/lib/ext/sunpkcs11.jar:/Library/Java/JavaVirtualMachines/jdk1.8.0_66.jdk/Contents/Home/jre/lib/ext/zipfs.jar:/Library/Java/JavaVirtualMachines/jdk1.8.0_66.jdk/Contents/Home/jre/lib/javaws.jar:/Library/Java/JavaVirtualMachines/jdk1.8.0_66.jdk/Contents/Home/jre/lib/jce.jar:/Library/Java/JavaVirtualMachines/jdk1.8.0_66.jdk/Contents/Home/jre/lib/jfr.jar:/Library/Java/JavaVirtualMachines/jdk1.8.0_66.jdk/Contents/Home/jre/lib/jfxswt.jar:/Library/Java/JavaVirtualMachines/jdk1.8.0_66.jdk/Contents/Home/jre/lib/jsse.jar:/Library/Java/JavaVirtualMachines/jdk1.8.0_66.jdk/Contents/Home/jre/lib/management-agent.jar:/Library/Java/JavaVirtualMachines/jdk1.8.0_66.jdk/Contents/Home/jre/lib/plugin.jar:/Library/Java/JavaVirtualMachines/jdk1.8.0_66.jdk/Contents/Home/jre/lib/resources.jar:/Library/Java/JavaVirtualMachines/jdk1.8.0_66.jdk/Contents/Home/jre/lib/rt.jar:/Library/Java/JavaVirtualMachines/jdk1.8.0_66.jdk/Contents/Home/lib/ant-javafx.jar:/Library/Java/JavaVirtualMachines/jdk1.8.0_66.jdk/Contents/Home/lib/dt.jar:/Library/Ja
Launcher Type: SUN_STANDARD

Environment Variables:
PATH=/usr/local/opt/sqlite/bin:/Users/tarek/perl5/bin:/usr/local/bin:/usr/bin:/bin:/usr/sbin:/sbin:/opt/X11/bin:/Library/TeX/texbin
SHELL=/usr/local/bin/zsh
DISPLAY=/private/tmp/com.apple.launchd.kOWwDex4L3/org.macosforge.xquartz:0

Signal Handlers:
SIGSEGV: [libjvm.dylib+0x5a65d5], sa_mask[0]=11111111011111110111111111111111, sa_flags=SA_ONSTACK|SA_RESTART|SA_SIGINFO
SIGBUS: [libjvm.dylib+0x5a65d5], sa_mask[0]=11111111011111110111111111111111, sa_flags=SA_RESTART|SA_SIGINFO
SIGFPE: [libjvm.dylib+0x4802e8], sa_mask[0]=11111111011111110111111111111111, sa_flags=SA_RESTART|SA_SIGINFO
SIGPIPE: [libjvm.dylib+0x4802e8], sa_mask[0]=11111111011111110111111111111111, sa_flags=SA_RESTART|SA_SIGINFO
SIGXFSZ: [libjvm.dylib+0x4802e8], sa_mask[0]=11111111011111110111111111111111, sa_flags=SA_RESTART|SA_SIGINFO
SIGILL: [libjvm.dylib+0x4802e8], sa_mask[0]=11111111011111110111111111111111, sa_flags=SA_RESTART|SA_SIGINFO
SIGUSR1: SIG_DFL, sa_mask[0]=00000000000000000000000000000000, sa_flags=none
SIGUSR2: [libjvm.dylib+0x47fe06], sa_mask[0]=00100000000000000000000000000000, sa_flags=SA_RESTART|SA_SIGINFO
SIGHUP: [libjvm.dylib+0x47e3dd], sa_mask[0]=11111111011111110111111111111111, sa_flags=SA_RESTART|SA_SIGINFO
SIGINT: [libjvm.dylib+0x47e3dd], sa_mask[0]=11111111011111110111111111111111, sa_flags=SA_RESTART|SA_SIGINFO
SIGTERM: [libjvm.dylib+0x47e3dd], sa_mask[0]=11111111011111110111111111111111, sa_flags=SA_RESTART|SA_SIGINFO
SIGQUIT: [libjvm.dylib+0x47e3dd], sa_mask[0]=11111111011111110111111111111111, sa_flags=SA_RESTART|SA_SIGINFO


---------------  S Y S T E M  ---------------

OS:Bsduname:Darwin 15.4.0 Darwin Kernel Version 15.4.0: Fri Feb 26 22:08:05 PST 2016; root:xnu-3248.40.184~3/RELEASE_X86_64 x86_64
rlimit: STACK 8192k, CORE 0k, NPROC 709, NOFILE 10240, AS infinity
load average:2.12 2.27 1.98

CPU:total 8 (4 cores per cpu, 2 threads per core) family 6 model 70 stepping 1, cmov, cx8, fxsr, mmx, sse, sse2, sse3, ssse3, sse4.1, sse4.2, popcnt, avx, avx2, aes, clmul, erms, lzcnt, ht, tsc, tscinvbit, bmi1, bmi2

Memory: 4k page, physical 8388608k(266896k free)

/proc/meminfo:


vm_info: Java HotSpot(TM) 64-Bit Server VM (25.66-b17) for bsd-amd64 JRE (1.8.0_66-b17), built on Oct  6 2015 16:09:13 by "java_re" with gcc 4.2.1 (Based on Apple Inc. build 5658) (LLVM build 2336.11.00)

time: Tue May  3 13:54:44 2016
elapsed time: 1 seconds (0d 0h 0m 1s)

