#
# A fatal error has been detected by the Java Runtime Environment:
#
#  SIGSEGV (0xb) at pc=0x0000000121b197ad, pid=54706, tid=29443
#
# JRE version: Java(TM) SE Runtime Environment (8.0_66-b17) (build 1.8.0_66-b17)
# Java VM: Java HotSpot(TM) 64-Bit Server VM (25.66-b17 mixed mode bsd-amd64 compressed oops)
# Problematic frame:
# C  [JARLIB-1636667440120093742-libumundoNativeJava64.jnilib+0x1a7ad]  _ZNK6umundo8EndPoint5getIPEv+0xd
#
# Failed to write core dump. Core dumps have been disabled. To enable core dumping, try "ulimit -c unlimited" before starting Java again
#
# If you would like to submit a bug report, please visit:
#   http://bugreport.java.com/bugreport/crash.jsp
#

---------------  T H R E A D  ---------------

Current thread is native thread

siginfo: si_signo: 11 (SIGSEGV), si_code: 1 (SEGV_MAPERR), si_addr: 0x0000000000000000

Registers:
RAX=0x00007fc393c36a18, RBX=0x0000700002408b00, RCX=0x0000000121c05c40, RDX=0xfffffffffffffff4
RSP=0x0000700002408aa0, RBP=0x0000700002408ab0, RSI=0x0000000000000000, RDI=0x0000700002408b00
R8 =0x0000000000000005, R9 =0x00000000fffffff0, R10=0x00000001075e4618, R11=0xfffffffffe403130
R12=0x00007fc39582fb08, R13=0x00007fc395838f58, R14=0x00007fc39582fb00, R15=0x00007fc395836d20
RIP=0x0000000121b197ad, EFLAGS=0x0000000000010206, ERR=0x0000000000000004
  TRAPNO=0x000000000000000e

Top of Stack: (sp=0x0000700002408aa0)
0x0000700002408aa0:   00007fc393c36a18 00007fc395838f60
0x0000700002408ab0:   0000700002408b40 0000000121b475f7
0x0000700002408ac0:   00007fc395838f40 0000000000000000
0x0000700002408ad0:   00007fc39582f920 0000700002408c00
0x0000700002408ae0:   00007fc395838f90 00007fc393c32401
0x0000700002408af0:   0000700002408b40 0000000121b4fde3
0x0000700002408b00:   00007fc393c00000 00000001075dd000
0x0000700002408b10:   00007fc395838f20 0000000000000000
0x0000700002408b20:   00007fc39582f920 0000700002408be8
0x0000700002408b30:   00007fc39582f901 00007fc393c32401
0x0000700002408b40:   0000700002408ca0 0000000121b47c1a
0x0000700002408b50:   0000700002408b90 0000000121b93960
0x0000700002408b60:   0000700002408bcc 00007fc39582f920
0x0000700002408b70:   00007fc39582f9b8 00007fc39582fb20
0x0000700002408b80:   00007fc39582fb18 00007fc39582fb08
0x0000700002408b90:   00007fc39582fb00 00007fc39582fb48
0x0000700002408ba0:   0000700002408c40 0000000000000000
0x0000700002408bb0:   ffffffffffffffff 3134663238393710
0x0000700002408bc0:   0000000000000033 0000000200000005
0x0000700002408bd0:   0000000000000031 0000000000000024
0x0000700002408be0:   00007fc393c36950 0000000000000031
0x0000700002408bf0:   0000000000000024 00007fc393c36950
0x0000700002408c00:   0000000000000031 0000000000000024
0x0000700002408c10:   00007fc393c369b0 0000000000000031
0x0000700002408c20:   0000000000000025 00007fc393c36980
0x0000700002408c30:   0000000000000004 0000700002408e4c
0x0000700002408c40:   000000000000005b 0000000000000000
0x0000700002408c50:   00007fc393c32430 0000000121b95ba5
0x0000700002408c60:   0000700002408ca0 006600c39582fc10
0x0000700002408c70:   1900e882763c3950 00007fc39582fc10
0x0000700002408c80:   0000700002408e4c 0000700002408e40
0x0000700002408c90:   00007fc39582f920 0000000121bd75ea 

Instructions: (pc=0x0000000121b197ad)
0x0000000121b1978d:   48 8b 06 ff 50 10 48 89 d8 48 83 c4 08 5b 5d c3
0x0000000121b1979d:   0f 1f 00 55 48 89 e5 53 50 48 89 fb 48 8b 76 08
0x0000000121b197ad:   48 8b 06 ff 50 18 48 89 d8 48 83 c4 08 5b 5d c3
0x0000000121b197bd:   0f 1f 00 55 48 89 e5 53 50 48 89 fb 48 8b 76 08 

Register to memory mapping:

RAX=0x00007fc393c36a18 is an unknown value
RBX=0x0000700002408b00 is an unknown value
RCX=0x0000000121c05c40: _ZTVN6umundo8NodeStubE+0x10 in /private/var/folders/z9/v41ytbq93q9_shkp829fwm7w0000gn/T/JARLIB-1636667440120093742-libumundoNativeJava64.jnilib at 0x0000000121aff000
RDX=0xfffffffffffffff4 is an unknown value
RSP=0x0000700002408aa0 is an unknown value
RBP=0x0000700002408ab0 is an unknown value
RSI=0x0000000000000000 is an unknown value
RDI=0x0000700002408b00 is an unknown value
R8 =0x0000000000000005 is an unknown value
R9 =0x00000000fffffff0 is an unknown value
R10=0x00000001075e4618 is an unknown value
R11=0xfffffffffe403130 is an unknown value
R12=0x00007fc39582fb08 is an unknown value
R13=0x00007fc395838f58 is an unknown value
R14=0x00007fc39582fb00 is an unknown value
R15=0x00007fc395836d20 is an unknown value


Stack: [0x0000700002389000,0x0000700002409000],  sp=0x0000700002408aa0,  free space=510k
Native frames: (J=compiled Java code, j=interpreted, Vv=VM code, C=native code)
C  [JARLIB-1636667440120093742-libumundoNativeJava64.jnilib+0x1a7ad]  _ZNK6umundo8EndPoint5getIPEv+0xd
C  [JARLIB-1636667440120093742-libumundoNativeJava64.jnilib+0x485f7]  _ZN6umundo10ZeroMQNode19confirmSubscriptionERKNSt3__112basic_stringIcNS1_11char_traitsIcEENS1_9allocatorIcEEEE+0x147
C  [JARLIB-1636667440120093742-libumundoNativeJava64.jnilib+0x48c1a]  _ZN6umundo10ZeroMQNode21receivedFromPubSocketEv+0x3fa
C  [JARLIB-1636667440120093742-libumundoNativeJava64.jnilib+0x4f4d1]  _ZN6umundo10ZeroMQNode3runEv+0x6b1
C  [JARLIB-1636667440120093742-libumundoNativeJava64.jnilib+0x3647f]  _ZN6umundo6Thread10runWrapperEPv+0xf
C  [JARLIB-1636667440120093742-libumundoNativeJava64.jnilib+0x366f3]  _ZN6umundo7tthread6thread16wrapper_functionEPv+0x13
C  [libsystem_pthread.dylib+0x399d]  _pthread_body+0x83
C  [libsystem_pthread.dylib+0x391a]  _pthread_body+0x0
C  [libsystem_pthread.dylib+0x1351]  thread_start+0xd


---------------  P R O C E S S  ---------------

VM state:not at safepoint (normal execution)

VM Mutex/Monitor currently owned by a thread: None

Heap:
 PSYoungGen      total 38400K, used 14665K [0x0000000795580000, 0x0000000798000000, 0x00000007c0000000)
  eden space 33280K, 44% used [0x0000000795580000,0x00000007963d24b8,0x0000000797600000)
  from space 5120K, 0% used [0x0000000797b00000,0x0000000797b00000,0x0000000798000000)
  to   space 5120K, 0% used [0x0000000797600000,0x0000000797600000,0x0000000797b00000)
 ParOldGen       total 87552K, used 0K [0x0000000740000000, 0x0000000745580000, 0x0000000795580000)
  object space 87552K, 0% used [0x0000000740000000,0x0000000740000000,0x0000000745580000)
 Metaspace       used 6727K, capacity 6832K, committed 7040K, reserved 1056768K
  class space    used 774K, capacity 784K, committed 896K, reserved 1048576K

Card table byte_map: [0x0000000118d46000,0x0000000119147000] byte_map_base: 0x0000000115346000

Marking Bits: (ParMarkBitMap*) 0x00000001092dde20
 Begin Bits: [0x00000001193f2000, 0x000000011b3f2000)
 End Bits:   [0x000000011b3f2000, 0x000000011d3f2000)

Polling page: 0x0000000107885000

CodeCache: size=245760Kb used=1945Kb max_used=1957Kb free=243814Kb
 bounds [0x0000000109986000, 0x0000000109bf6000, 0x0000000118986000]
 total_blobs=653 nmethods=343 adapters=224
 compilation: enabled

Compilation events (10 events):
Event: 0.457 Thread 0x00007fc396011000  336       3       java.util.zip.ZipEntry::<init> (43 bytes)
Event: 0.457 Thread 0x00007fc396011000 nmethod 336 0x0000000109b69210 code [0x0000000109b69380, 0x0000000109b69590]
Event: 0.459 Thread 0x00007fc396011000  340       3       java.util.zip.ZipEntry::setExtra0 (360 bytes)
Event: 0.460 Thread 0x00007fc394816000  341       4       java.util.HashMap::get (23 bytes)
Event: 0.460 Thread 0x00007fc396011000 nmethod 340 0x0000000109b671d0 code [0x0000000109b67480, 0x0000000109b68188]
Event: 0.460 Thread 0x00007fc396011000  342       3       java.lang.ThreadLocal::get (38 bytes)
Event: 0.460 Thread 0x00007fc396011000 nmethod 342 0x0000000109b66b10 code [0x0000000109b66ca0, 0x0000000109b67028]
Event: 0.461 Thread 0x00007fc396011000  343   !   3       sun.misc.URLClassPath$FileLoader::getResource (164 bytes)
Event: 0.462 Thread 0x00007fc396011000 nmethod 343 0x0000000109b69ed0 code [0x0000000109b6a260, 0x0000000109b6bf58]
Event: 0.463 Thread 0x00007fc394816000 nmethod 341 0x0000000109b70010 code [0x0000000109b70180, 0x0000000109b70478]

GC Heap History (0 events):
No events

Deoptimization events (3 events):
Event: 0.168 Thread 0x00007fc397800000 Uncommon trap: reason=unstable_if action=reinterpret pc=0x0000000109aa66e8 method=java.lang.String.hashCode()I @ 14
Event: 0.274 Thread 0x00007fc395019800 Uncommon trap: reason=unstable_if action=reinterpret pc=0x0000000109b0a034 method=java.lang.String.indexOf([CII[CIII)I @ 3
Event: 0.361 Thread 0x00007fc397800000 Uncommon trap: reason=unstable_if action=reinterpret pc=0x0000000109b4fbf0 method=java.lang.String.indexOf([CII[CIII)I @ 134

Internal exceptions (10 events):
Event: 0.215 Thread 0x00007fc397800000 Exception <a 'java/lang/ArrayIndexOutOfBoundsException': 22> (0x0000000795a565c8) thrown at [/HUDSON3/workspace/8-2-build-macosx-x86_64/jdk8u66/4988/hotspot/src/share/vm/interpreter/interpreterRuntime.cpp, line 366]
Event: 0.216 Thread 0x00007fc397800000 Exception <a 'java/lang/ArrayIndexOutOfBoundsException': 160> (0x0000000795a58a18) thrown at [/HUDSON3/workspace/8-2-build-macosx-x86_64/jdk8u66/4988/hotspot/src/share/vm/interpreter/interpreterRuntime.cpp, line 366]
Event: 0.219 Thread 0x00007fc397800000 Exception <a 'java/lang/ClassNotFoundException': org/apache/log4j/LayoutCustomizer> (0x0000000795a63880) thrown at [/HUDSON3/workspace/8-2-build-macosx-x86_64/jdk8u66/4988/hotspot/src/share/vm/classfile/systemDictionary.cpp, line 210]
Event: 0.221 Thread 0x00007fc397800000 Exception <a 'java/lang/ClassNotFoundException': org/apache/log4j/PatternLayoutCustomizer> (0x0000000795a7dcc0) thrown at [/HUDSON3/workspace/8-2-build-macosx-x86_64/jdk8u66/4988/hotspot/src/share/vm/classfile/systemDictionary.cpp, line 210]
Event: 0.246 Thread 0x00007fc397800000 Exception <a 'java/lang/ClassNotFoundException': org/apache/log4j/ConsoleAppenderBeanInfo> (0x0000000795afb408) thrown at [/HUDSON3/workspace/8-2-build-macosx-x86_64/jdk8u66/4988/hotspot/src/share/vm/classfile/systemDictionary.cpp, line 210]
Event: 0.246 Thread 0x00007fc397800000 Exception <a 'java/lang/ClassNotFoundException': org/apache/log4j/WriterAppenderBeanInfo> (0x0000000795b049e8) thrown at [/HUDSON3/workspace/8-2-build-macosx-x86_64/jdk8u66/4988/hotspot/src/share/vm/classfile/systemDictionary.cpp, line 210]
Event: 0.247 Thread 0x00007fc397800000 Exception <a 'java/lang/ClassNotFoundException': org/apache/log4j/AppenderSkeletonBeanInfo> (0x0000000795b0e858) thrown at [/HUDSON3/workspace/8-2-build-macosx-x86_64/jdk8u66/4988/hotspot/src/share/vm/classfile/systemDictionary.cpp, line 210]
Event: 0.247 Thread 0x00007fc397800000 Exception <a 'java/lang/ClassNotFoundException': org/apache/log4j/AppenderSkeletonCustomizer> (0x0000000795b18d30) thrown at [/HUDSON3/workspace/8-2-build-macosx-x86_64/jdk8u66/4988/hotspot/src/share/vm/classfile/systemDictionary.cpp, line 210]
Event: 0.249 Thread 0x00007fc397800000 Exception <a 'java/lang/ClassNotFoundException': org/apache/log4j/WriterAppenderCustomizer> (0x0000000795b371d8) thrown at [/HUDSON3/workspace/8-2-build-macosx-x86_64/jdk8u66/4988/hotspot/src/share/vm/classfile/systemDictionary.cpp, line 210]
Event: 0.251 Thread 0x00007fc397800000 Exception <a 'java/lang/ClassNotFoundException': org/apache/log4j/ConsoleAppenderCustomizer> (0x0000000795b4cf18) thrown at [/HUDSON3/workspace/8-2-build-macosx-x86_64/jdk8u66/4988/hotspot/src/share/vm/classfile/systemDictionary.cpp, line 210]

Events (10 events):
Event: 0.457 loading class org/umundo/s11n/TypedPublisher$GreeterDecorator
Event: 0.457 loading class org/umundo/s11n/TypedPublisher$GreeterDecorator done
Event: 0.460 loading class org/umundo/control/Client$3
Event: 0.460 loading class org/umundo/control/Client$3 done
Event: 0.461 Thread 0x00007fc397168000 Thread added: 0x00007fc397168000
Event: 0.461 loading class org/umundo/control/Client$1
Event: 0.461 loading class org/umundo/control/Client$1 done
Event: 0.461 Thread 0x00007fc395193800 Thread added: 0x00007fc395193800
Event: 1.301 loading class java/util/HashMap$KeyIterator
Event: 1.301 loading class java/util/HashMap$KeyIterator done


Dynamic libraries:
0x000000000274d000 	/System/Library/Frameworks/Cocoa.framework/Versions/A/Cocoa
0x000000000274d000 	/System/Library/Frameworks/Security.framework/Versions/A/Security
0x000000000274d000 	/System/Library/Frameworks/ApplicationServices.framework/Versions/A/ApplicationServices
0x000000000274d000 	/usr/lib/libz.1.dylib
0x000000000274d000 	/usr/lib/libSystem.B.dylib
0x000000000274d000 	/usr/lib/libobjc.A.dylib
0x000000000274d000 	/System/Library/Frameworks/CoreFoundation.framework/Versions/A/CoreFoundation
0x000000000274d000 	/System/Library/Frameworks/Foundation.framework/Versions/C/Foundation
0x000000000274d000 	/System/Library/Frameworks/AppKit.framework/Versions/C/AppKit
0x000000000274d000 	/System/Library/Frameworks/CoreData.framework/Versions/A/CoreData
0x000000000274d000 	/System/Library/PrivateFrameworks/RemoteViewServices.framework/Versions/A/RemoteViewServices
0x000000000274d000 	/System/Library/PrivateFrameworks/UIFoundation.framework/Versions/A/UIFoundation
0x000000000274d000 	/usr/lib/libScreenReader.dylib
0x000000000274d000 	/System/Library/Frameworks/Accelerate.framework/Versions/A/Accelerate
0x000000000274d000 	/System/Library/Frameworks/IOSurface.framework/Versions/A/IOSurface
0x000000000274d000 	/System/Library/Frameworks/AudioToolbox.framework/Versions/A/AudioToolbox
0x000000000274d000 	/System/Library/Frameworks/AudioUnit.framework/Versions/A/AudioUnit
0x000000000274d000 	/System/Library/PrivateFrameworks/DataDetectorsCore.framework/Versions/A/DataDetectorsCore
0x000000000274d000 	/System/Library/PrivateFrameworks/DesktopServicesPriv.framework/Versions/A/DesktopServicesPriv
0x000000000274d000 	/System/Library/Frameworks/Carbon.framework/Versions/A/Frameworks/HIToolbox.framework/Versions/A/HIToolbox
0x000000000274d000 	/System/Library/Frameworks/QuartzCore.framework/Versions/A/QuartzCore
0x000000000274d000 	/System/Library/Frameworks/Carbon.framework/Versions/A/Frameworks/SpeechRecognition.framework/Versions/A/SpeechRecognition
0x000000000274d000 	/usr/lib/libauto.dylib
0x000000000274d000 	/usr/lib/libicucore.A.dylib
0x000000000274d000 	/usr/lib/libxml2.2.dylib
0x000000000274d000 	/System/Library/PrivateFrameworks/CoreUI.framework/Versions/A/CoreUI
0x000000000274d000 	/System/Library/Frameworks/CoreAudio.framework/Versions/A/CoreAudio
0x000000000274d000 	/System/Library/Frameworks/DiskArbitration.framework/Versions/A/DiskArbitration
0x000000000274d000 	/usr/lib/liblangid.dylib
0x000000000274d000 	/System/Library/PrivateFrameworks/MultitouchSupport.framework/Versions/A/MultitouchSupport
0x000000000274d000 	/System/Library/Frameworks/IOKit.framework/Versions/A/IOKit
0x000000000274d000 	/usr/lib/libDiagnosticMessagesClient.dylib
0x000000000274d000 	/System/Library/Frameworks/CoreServices.framework/Versions/A/CoreServices
0x000000000274d000 	/System/Library/PrivateFrameworks/PerformanceAnalysis.framework/Versions/A/PerformanceAnalysis
0x000000000274d000 	/System/Library/PrivateFrameworks/GenerationalStorage.framework/Versions/A/GenerationalStorage
0x000000000274d000 	/System/Library/Frameworks/OpenGL.framework/Versions/A/OpenGL
0x000000000274d000 	/System/Library/PrivateFrameworks/Sharing.framework/Versions/A/Sharing
0x000000000274d000 	/System/Library/Frameworks/CoreGraphics.framework/Versions/A/CoreGraphics
0x000000000274d000 	/System/Library/Frameworks/CoreImage.framework/Versions/A/CoreImage
0x000000000274d000 	/System/Library/Frameworks/CoreText.framework/Versions/A/CoreText
0x000000000274d000 	/System/Library/Frameworks/ImageIO.framework/Versions/A/ImageIO
0x000000000274d000 	/System/Library/PrivateFrameworks/Backup.framework/Versions/A/Backup
0x000000000274d000 	/usr/lib/libextension.dylib
0x000000000274d000 	/usr/lib/libarchive.2.dylib
0x000000000274d000 	/System/Library/Frameworks/CFNetwork.framework/Versions/A/CFNetwork
0x000000000274d000 	/System/Library/Frameworks/SystemConfiguration.framework/Versions/A/SystemConfiguration
0x000000000274d000 	/usr/lib/libCRFSuite.dylib
0x000000000274d000 	/usr/lib/libc++.1.dylib
0x000000000274d000 	/usr/lib/libc++abi.dylib
0x000000000274d000 	/usr/lib/system/libcache.dylib
0x000000000274d000 	/usr/lib/system/libcommonCrypto.dylib
0x000000000274d000 	/usr/lib/system/libcompiler_rt.dylib
0x000000000274d000 	/usr/lib/system/libcopyfile.dylib
0x000000000274d000 	/usr/lib/system/libcorecrypto.dylib
0x000000000274d000 	/usr/lib/system/libdispatch.dylib
0x000000000274d000 	/usr/lib/system/libdyld.dylib
0x000000000274d000 	/usr/lib/system/libkeymgr.dylib
0x000000000274d000 	/usr/lib/system/liblaunch.dylib
0x000000000274d000 	/usr/lib/system/libmacho.dylib
0x000000000274d000 	/usr/lib/system/libquarantine.dylib
0x000000000274d000 	/usr/lib/system/libremovefile.dylib
0x000000000274d000 	/usr/lib/system/libsystem_asl.dylib
0x000000000274d000 	/usr/lib/system/libsystem_blocks.dylib
0x000000000274d000 	/usr/lib/system/libsystem_c.dylib
0x000000000274d000 	/usr/lib/system/libsystem_configuration.dylib
0x000000000274d000 	/usr/lib/system/libsystem_coreservices.dylib
0x000000000274d000 	/usr/lib/system/libsystem_coretls.dylib
0x000000000274d000 	/usr/lib/system/libsystem_dnssd.dylib
0x000000000274d000 	/usr/lib/system/libsystem_info.dylib
0x000000000274d000 	/usr/lib/system/libsystem_kernel.dylib
0x000000000274d000 	/usr/lib/system/libsystem_m.dylib
0x000000000274d000 	/usr/lib/system/libsystem_malloc.dylib
0x000000000274d000 	/usr/lib/system/libsystem_network.dylib
0x000000000274d000 	/usr/lib/system/libsystem_networkextension.dylib
0x000000000274d000 	/usr/lib/system/libsystem_notify.dylib
0x000000000274d000 	/usr/lib/system/libsystem_platform.dylib
0x000000000274d000 	/usr/lib/system/libsystem_pthread.dylib
0x000000000274d000 	/usr/lib/system/libsystem_sandbox.dylib
0x000000000274d000 	/usr/lib/system/libsystem_secinit.dylib
0x000000000274d000 	/usr/lib/system/libsystem_trace.dylib
0x000000000274d000 	/usr/lib/system/libunc.dylib
0x000000000274d000 	/usr/lib/system/libunwind.dylib
0x000000000274d000 	/usr/lib/system/libxpc.dylib
0x000000000274d000 	/usr/lib/libenergytrace.dylib
0x000000000274d000 	/usr/lib/libbsm.0.dylib
0x000000000274d000 	/usr/lib/system/libkxld.dylib
0x000000000274d000 	/usr/lib/libxar.1.dylib
0x000000000274d000 	/usr/lib/libsqlite3.dylib
0x000000000274d000 	/usr/lib/libpam.2.dylib
0x000000000274d000 	/usr/lib/libOpenScriptingUtil.dylib
0x000000000274d000 	/usr/lib/libbz2.1.0.dylib
0x000000000274d000 	/usr/lib/liblzma.5.dylib
0x000000000274d000 	/System/Library/Frameworks/CoreServices.framework/Versions/A/Frameworks/FSEvents.framework/Versions/A/FSEvents
0x000000000274d000 	/System/Library/Frameworks/CoreServices.framework/Versions/A/Frameworks/CarbonCore.framework/Versions/A/CarbonCore
0x000000000274d000 	/System/Library/Frameworks/CoreServices.framework/Versions/A/Frameworks/Metadata.framework/Versions/A/Metadata
0x000000000274d000 	/System/Library/Frameworks/CoreServices.framework/Versions/A/Frameworks/OSServices.framework/Versions/A/OSServices
0x000000000274d000 	/System/Library/Frameworks/CoreServices.framework/Versions/A/Frameworks/SearchKit.framework/Versions/A/SearchKit
0x000000000274d000 	/System/Library/Frameworks/CoreServices.framework/Versions/A/Frameworks/AE.framework/Versions/A/AE
0x000000000274d000 	/System/Library/Frameworks/CoreServices.framework/Versions/A/Frameworks/LaunchServices.framework/Versions/A/LaunchServices
0x000000000274d000 	/System/Library/Frameworks/CoreServices.framework/Versions/A/Frameworks/DictionaryServices.framework/Versions/A/DictionaryServices
0x000000000274d000 	/System/Library/Frameworks/CoreServices.framework/Versions/A/Frameworks/SharedFileList.framework/Versions/A/SharedFileList
0x000000000274d000 	/System/Library/Frameworks/NetFS.framework/Versions/A/NetFS
0x000000000274d000 	/System/Library/PrivateFrameworks/NetAuth.framework/Versions/A/NetAuth
0x000000000274d000 	/System/Library/PrivateFrameworks/login.framework/Versions/A/Frameworks/loginsupport.framework/Versions/A/loginsupport
0x000000000274d000 	/System/Library/PrivateFrameworks/TCC.framework/Versions/A/TCC
0x000000000274d000 	/usr/lib/libmecabra.dylib
0x000000000274d000 	/System/Library/Frameworks/ApplicationServices.framework/Versions/A/Frameworks/ATS.framework/Versions/A/ATS
0x000000000274d000 	/System/Library/Frameworks/ApplicationServices.framework/Versions/A/Frameworks/ColorSync.framework/Versions/A/ColorSync
0x000000000274d000 	/System/Library/Frameworks/ApplicationServices.framework/Versions/A/Frameworks/HIServices.framework/Versions/A/HIServices
0x000000000274d000 	/System/Library/Frameworks/ApplicationServices.framework/Versions/A/Frameworks/LangAnalysis.framework/Versions/A/LangAnalysis
0x000000000274d000 	/System/Library/Frameworks/ApplicationServices.framework/Versions/A/Frameworks/PrintCore.framework/Versions/A/PrintCore
0x000000000274d000 	/System/Library/Frameworks/ApplicationServices.framework/Versions/A/Frameworks/QD.framework/Versions/A/QD
0x000000000274d000 	/System/Library/Frameworks/ApplicationServices.framework/Versions/A/Frameworks/SpeechSynthesis.framework/Versions/A/SpeechSynthesis
0x000000000274d000 	/System/Library/Frameworks/Metal.framework/Versions/A/Metal
0x000000000274d000 	/System/Library/Frameworks/Accelerate.framework/Versions/A/Frameworks/vImage.framework/Versions/A/vImage
0x000000000274d000 	/System/Library/Frameworks/Accelerate.framework/Versions/A/Frameworks/vecLib.framework/Versions/A/vecLib
0x000000000274d000 	/System/Library/Frameworks/Accelerate.framework/Versions/A/Frameworks/vecLib.framework/Versions/A/libvDSP.dylib
0x000000000274d000 	/System/Library/Frameworks/Accelerate.framework/Versions/A/Frameworks/vecLib.framework/Versions/A/libvMisc.dylib
0x000000000274d000 	/System/Library/Frameworks/Accelerate.framework/Versions/A/Frameworks/vecLib.framework/Versions/A/libLAPACK.dylib
0x000000000274d000 	/System/Library/Frameworks/Accelerate.framework/Versions/A/Frameworks/vecLib.framework/Versions/A/libBLAS.dylib
0x000000000274d000 	/System/Library/Frameworks/Accelerate.framework/Versions/A/Frameworks/vecLib.framework/Versions/A/libLinearAlgebra.dylib
0x000000000274d000 	/System/Library/Frameworks/Accelerate.framework/Versions/A/Frameworks/vecLib.framework/Versions/A/libSparseBLAS.dylib
0x000000000274d000 	/System/Library/PrivateFrameworks/GPUCompiler.framework/libmetal_timestamp.dylib
0x000000000274d000 	/System/Library/Frameworks/OpenGL.framework/Versions/A/Libraries/libCoreFSCache.dylib
0x000000000274d000 	/System/Library/PrivateFrameworks/IOAccelerator.framework/Versions/A/IOAccelerator
0x000000000274d000 	/System/Library/Frameworks/ApplicationServices.framework/Versions/A/Frameworks/ATS.framework/Versions/A/Resources/libFontParser.dylib
0x000000000274d000 	/System/Library/Frameworks/ApplicationServices.framework/Versions/A/Frameworks/ATS.framework/Versions/A/Resources/libFontRegistry.dylib
0x000000000274d000 	/System/Library/PrivateFrameworks/AppleVPA.framework/Versions/A/AppleVPA
0x000000000274d000 	/System/Library/PrivateFrameworks/AppleJPEG.framework/Versions/A/AppleJPEG
0x000000000274d000 	/System/Library/Frameworks/ImageIO.framework/Versions/A/Resources/libJPEG.dylib
0x000000000274d000 	/System/Library/Frameworks/ImageIO.framework/Versions/A/Resources/libTIFF.dylib
0x000000000274d000 	/System/Library/Frameworks/ImageIO.framework/Versions/A/Resources/libPng.dylib
0x000000000274d000 	/System/Library/Frameworks/ImageIO.framework/Versions/A/Resources/libGIF.dylib
0x000000000274d000 	/System/Library/Frameworks/ImageIO.framework/Versions/A/Resources/libJP2.dylib
0x000000000274d000 	/System/Library/Frameworks/ImageIO.framework/Versions/A/Resources/libRadiance.dylib
0x000000000274d000 	/System/Library/Frameworks/CoreVideo.framework/Versions/A/CoreVideo
0x000000000274d000 	/System/Library/Frameworks/OpenGL.framework/Versions/A/Libraries/libGLU.dylib
0x000000000274d000 	/System/Library/Frameworks/OpenGL.framework/Versions/A/Libraries/libGFXShared.dylib
0x000000000274d000 	/System/Library/Frameworks/OpenGL.framework/Versions/A/Libraries/libGL.dylib
0x000000000274d000 	/System/Library/Frameworks/OpenGL.framework/Versions/A/Libraries/libGLImage.dylib
0x000000000274d000 	/System/Library/Frameworks/OpenGL.framework/Versions/A/Libraries/libCVMSPluginSupport.dylib
0x000000000274d000 	/System/Library/Frameworks/OpenGL.framework/Versions/A/Libraries/libCoreVMClient.dylib
0x000000000274d000 	/usr/lib/libcups.2.dylib
0x000000000274d000 	/System/Library/Frameworks/Kerberos.framework/Versions/A/Kerberos
0x000000000274d000 	/System/Library/Frameworks/GSS.framework/Versions/A/GSS
0x000000000274d000 	/usr/lib/libresolv.9.dylib
0x000000000274d000 	/usr/lib/libiconv.2.dylib
0x000000000274d000 	/System/Library/PrivateFrameworks/Heimdal.framework/Versions/A/Heimdal
0x000000000274d000 	/usr/lib/libheimdal-asn1.dylib
0x000000000274d000 	/System/Library/Frameworks/OpenDirectory.framework/Versions/A/OpenDirectory
0x000000000274d000 	/System/Library/PrivateFrameworks/CommonAuth.framework/Versions/A/CommonAuth
0x000000000274d000 	/System/Library/Frameworks/OpenDirectory.framework/Versions/A/Frameworks/CFOpenDirectory.framework/Versions/A/CFOpenDirectory
0x000000000274d000 	/System/Library/Frameworks/SecurityFoundation.framework/Versions/A/SecurityFoundation
0x000000000274d000 	/System/Library/PrivateFrameworks/LanguageModeling.framework/Versions/A/LanguageModeling
0x000000000274d000 	/usr/lib/libmarisa.dylib
0x000000000274d000 	/usr/lib/libChineseTokenizer.dylib
0x000000000274d000 	/usr/lib/libcmph.dylib
0x000000000274d000 	/usr/lib/libcompression.dylib
0x000000000274d000 	/System/Library/Frameworks/ServiceManagement.framework/Versions/A/ServiceManagement
0x000000000274d000 	/usr/lib/libxslt.1.dylib
0x000000000274d000 	/System/Library/Frameworks/Carbon.framework/Versions/A/Frameworks/Ink.framework/Versions/A/Ink
0x000000000274d000 	/usr/lib/libFosl_dynamic.dylib
0x000000000274d000 	/System/Library/PrivateFrameworks/FaceCore.framework/Versions/A/FaceCore
0x000000000274d000 	/System/Library/Frameworks/OpenCL.framework/Versions/A/OpenCL
0x000000000274d000 	/System/Library/PrivateFrameworks/CrashReporterSupport.framework/Versions/A/CrashReporterSupport
0x000000000274d000 	/System/Library/PrivateFrameworks/IconServices.framework/Versions/A/IconServices
0x000000000274d000 	/System/Library/PrivateFrameworks/Apple80211.framework/Versions/A/Apple80211
0x000000000274d000 	/System/Library/Frameworks/CoreWLAN.framework/Versions/A/CoreWLAN
0x000000000274d000 	/System/Library/Frameworks/IOBluetooth.framework/Versions/A/IOBluetooth
0x000000000274d000 	/System/Library/PrivateFrameworks/CoreWiFi.framework/Versions/A/CoreWiFi
0x000000000274d000 	/System/Library/Frameworks/CoreBluetooth.framework/Versions/A/CoreBluetooth
0x000000000274d000 	/System/Library/PrivateFrameworks/ChunkingLibrary.framework/Versions/A/ChunkingLibrary
0x000000000274d000 	/System/Library/PrivateFrameworks/DebugSymbols.framework/Versions/A/DebugSymbols
0x000000000274d000 	/System/Library/PrivateFrameworks/CoreSymbolication.framework/Versions/A/CoreSymbolication
0x000000000274d000 	/System/Library/PrivateFrameworks/Symbolication.framework/Versions/A/Symbolication
0x000000000274d000 	/System/Library/PrivateFrameworks/SpeechRecognitionCore.framework/Versions/A/SpeechRecognitionCore
0x0000000108a00000 	/Library/Java/JavaVirtualMachines/jdk1.8.0_66.jdk/Contents/Home/jre/lib/server/libjvm.dylib
0x000000000274d000 	/usr/lib/libstdc++.6.dylib
0x0000000107842000 	/Library/Java/JavaVirtualMachines/jdk1.8.0_66.jdk/Contents/Home/jre/lib/libverify.dylib
0x0000000107850000 	/Library/Java/JavaVirtualMachines/jdk1.8.0_66.jdk/Contents/Home/jre/lib/libjava.dylib
0x000000010788f000 	/Library/Java/JavaVirtualMachines/jdk1.8.0_66.jdk/Contents/Home/jre/lib/libzip.dylib
0x000000011fe07000 	/System/Library/Frameworks/JavaVM.framework/Frameworks/JavaRuntimeSupport.framework/JavaRuntimeSupport
0x000000011fe22000 	/System/Library/Frameworks/JavaVM.framework/Versions/A/Frameworks/JavaNativeFoundation.framework/Versions/A/JavaNativeFoundation
0x000000011fe37000 	/System/Library/Frameworks/JavaVM.framework/Versions/A/JavaVM
0x000000000274d000 	/System/Library/Frameworks/Carbon.framework/Versions/A/Carbon
0x000000011fe44000 	/System/Library/PrivateFrameworks/JavaLaunching.framework/Versions/A/JavaLaunching
0x000000000274d000 	/System/Library/Frameworks/Carbon.framework/Versions/A/Frameworks/CommonPanels.framework/Versions/A/CommonPanels
0x000000000274d000 	/System/Library/Frameworks/Carbon.framework/Versions/A/Frameworks/Help.framework/Versions/A/Help
0x000000000274d000 	/System/Library/Frameworks/Carbon.framework/Versions/A/Frameworks/ImageCapture.framework/Versions/A/ImageCapture
0x000000000274d000 	/System/Library/Frameworks/Carbon.framework/Versions/A/Frameworks/OpenScripting.framework/Versions/A/OpenScripting
0x000000000274d000 	/System/Library/Frameworks/Carbon.framework/Versions/A/Frameworks/Print.framework/Versions/A/Print
0x000000000274d000 	/System/Library/Frameworks/Carbon.framework/Versions/A/Frameworks/SecurityHI.framework/Versions/A/SecurityHI
0x00000001218dd000 	/Applications/IntelliJ IDEA CE.app/Contents/bin/libbreakgen64.jnilib
0x00000001218e0000 	/Library/Java/JavaVirtualMachines/jdk1.8.0_66.jdk/Contents/Home/jre/lib/libnet.dylib
0x0000000121a5e000 	/Library/Java/JavaVirtualMachines/jdk1.8.0_66.jdk/Contents/Home/jre/lib/libnio.dylib
0x0000000121aff000 	/private/var/folders/z9/v41ytbq93q9_shkp829fwm7w0000gn/T/JARLIB-1636667440120093742-libumundoNativeJava64.jnilib

VM Arguments:
jvm_args: -Didea.launcher.port=7533 -Didea.launcher.bin.path=/Applications/IntelliJ IDEA CE.app/Contents/bin -Dfile.encoding=UTF-8 
java_command: com.intellij.rt.execution.application.AppMain org.umundo.Game 8080 A
java_class_path (initial): /Library/Java/JavaVirtualMachines/jdk1.8.0_66.jdk/Contents/Home/jre/lib/charsets.jar:/Library/Java/JavaVirtualMachines/jdk1.8.0_66.jdk/Contents/Home/jre/lib/deploy.jar:/Library/Java/JavaVirtualMachines/jdk1.8.0_66.jdk/Contents/Home/jre/lib/ext/cldrdata.jar:/Library/Java/JavaVirtualMachines/jdk1.8.0_66.jdk/Contents/Home/jre/lib/ext/dnsns.jar:/Library/Java/JavaVirtualMachines/jdk1.8.0_66.jdk/Contents/Home/jre/lib/ext/jaccess.jar:/Library/Java/JavaVirtualMachines/jdk1.8.0_66.jdk/Contents/Home/jre/lib/ext/jfxrt.jar:/Library/Java/JavaVirtualMachines/jdk1.8.0_66.jdk/Contents/Home/jre/lib/ext/localedata.jar:/Library/Java/JavaVirtualMachines/jdk1.8.0_66.jdk/Contents/Home/jre/lib/ext/nashorn.jar:/Library/Java/JavaVirtualMachines/jdk1.8.0_66.jdk/Contents/Home/jre/lib/ext/sunec.jar:/Library/Java/JavaVirtualMachines/jdk1.8.0_66.jdk/Contents/Home/jre/lib/ext/sunjce_provider.jar:/Library/Java/JavaVirtualMachines/jdk1.8.0_66.jdk/Contents/Home/jre/lib/ext/sunpkcs11.jar:/Library/Java/JavaVirtualMachines/jdk1.8.0_66.jdk/Contents/Home/jre/lib/ext/zipfs.jar:/Library/Java/JavaVirtualMachines/jdk1.8.0_66.jdk/Contents/Home/jre/lib/javaws.jar:/Library/Java/JavaVirtualMachines/jdk1.8.0_66.jdk/Contents/Home/jre/lib/jce.jar:/Library/Java/JavaVirtualMachines/jdk1.8.0_66.jdk/Contents/Home/jre/lib/jfr.jar:/Library/Java/JavaVirtualMachines/jdk1.8.0_66.jdk/Contents/Home/jre/lib/jfxswt.jar:/Library/Java/JavaVirtualMachines/jdk1.8.0_66.jdk/Contents/Home/jre/lib/jsse.jar:/Library/Java/JavaVirtualMachines/jdk1.8.0_66.jdk/Contents/Home/jre/lib/management-agent.jar:/Library/Java/JavaVirtualMachines/jdk1.8.0_66.jdk/Contents/Home/jre/lib/plugin.jar:/Library/Java/JavaVirtualMachines/jdk1.8.0_66.jdk/Contents/Home/jre/lib/resources.jar:/Library/Java/JavaVirtualMachines/jdk1.8.0_66.jdk/Contents/Home/jre/lib/rt.jar:/Library/Java/JavaVirtualMachines/jdk1.8.0_66.jdk/Contents/Home/lib/ant-javafx.jar:/Library/Java/JavaVirtualMachines/jdk1.8.0_66.jdk/Contents/Home/lib/dt.jar:/Library/Ja
Launcher Type: SUN_STANDARD

Environment Variables:
PATH=/usr/local/opt/sqlite/bin:/Users/tarek/perl5/bin:/usr/local/bin:/usr/bin:/bin:/usr/sbin:/sbin:/opt/X11/bin:/Library/TeX/texbin
SHELL=/usr/local/bin/zsh
DISPLAY=/private/tmp/com.apple.launchd.WLAf2E9MaO/org.macosforge.xquartz:0

Signal Handlers:
SIGSEGV: [libjvm.dylib+0x5a65d5], sa_mask[0]=11111111011111110111111111111111, sa_flags=SA_ONSTACK|SA_RESTART|SA_SIGINFO
SIGBUS: [libjvm.dylib+0x5a65d5], sa_mask[0]=11111111011111110111111111111111, sa_flags=SA_RESTART|SA_SIGINFO
SIGFPE: [libjvm.dylib+0x4802e8], sa_mask[0]=11111111011111110111111111111111, sa_flags=SA_RESTART|SA_SIGINFO
SIGPIPE: [libjvm.dylib+0x4802e8], sa_mask[0]=11111111011111110111111111111111, sa_flags=SA_RESTART|SA_SIGINFO
SIGXFSZ: [libjvm.dylib+0x4802e8], sa_mask[0]=11111111011111110111111111111111, sa_flags=SA_RESTART|SA_SIGINFO
SIGILL: [libjvm.dylib+0x4802e8], sa_mask[0]=11111111011111110111111111111111, sa_flags=SA_RESTART|SA_SIGINFO
SIGUSR1: SIG_DFL, sa_mask[0]=00000000000000000000000000000000, sa_flags=none
SIGUSR2: [libjvm.dylib+0x47fe06], sa_mask[0]=00100000000000000000000000000000, sa_flags=SA_RESTART|SA_SIGINFO
SIGHUP: [libjvm.dylib+0x47e3dd], sa_mask[0]=11111111011111110111111111111111, sa_flags=SA_RESTART|SA_SIGINFO
SIGINT: [libjvm.dylib+0x47e3dd], sa_mask[0]=11111111011111110111111111111111, sa_flags=SA_RESTART|SA_SIGINFO
SIGTERM: [libjvm.dylib+0x47e3dd], sa_mask[0]=11111111011111110111111111111111, sa_flags=SA_RESTART|SA_SIGINFO
SIGQUIT: [libjvm.dylib+0x47e3dd], sa_mask[0]=11111111011111110111111111111111, sa_flags=SA_RESTART|SA_SIGINFO


---------------  S Y S T E M  ---------------

OS:Bsduname:Darwin 15.4.0 Darwin Kernel Version 15.4.0: Fri Feb 26 22:08:05 PST 2016; root:xnu-3248.40.184~3/RELEASE_X86_64 x86_64
rlimit: STACK 8192k, CORE 0k, NPROC 709, NOFILE 10240, AS infinity
load average:2.81 2.64 2.23

CPU:total 8 (4 cores per cpu, 2 threads per core) family 6 model 70 stepping 1, cmov, cx8, fxsr, mmx, sse, sse2, sse3, ssse3, sse4.1, sse4.2, popcnt, avx, avx2, aes, clmul, erms, lzcnt, ht, tsc, tscinvbit, bmi1, bmi2

Memory: 4k page, physical 8388608k(40448k free)

/proc/meminfo:


vm_info: Java HotSpot(TM) 64-Bit Server VM (25.66-b17) for bsd-amd64 JRE (1.8.0_66-b17), built on Oct  6 2015 16:09:13 by "java_re" with gcc 4.2.1 (Based on Apple Inc. build 5658) (LLVM build 2336.11.00)

time: Tue May  3 13:31:14 2016
elapsed time: 1 seconds (0d 0h 0m 1s)

